<?xml version="1.0" encoding="UTF-8"?>
<testng-results ignored="0" total="1" passed="1" failed="0" skipped="0">
  <reporter-output>
  </reporter-output>
  <suite started-at="2019-03-13T15:52:50Z" name="Default suite" finished-at="2019-03-13T15:53:06Z" duration-ms="15600">
    <groups>
    </groups>
    <test started-at="2019-03-13T15:52:50Z" name="Default test" finished-at="2019-03-13T15:53:06Z" duration-ms="15600">
      <class name="com.inetBanking.testcases.TC_LoginTest_001">
        <test-method is-config="true" signature="setup()[pri:0, instance:com.inetBanking.testcases.TC_LoginTest_001@a1cdc6d]" started-at="2019-03-13T15:52:50Z" name="setup" finished-at="2019-03-13T15:53:00Z" duration-ms="9518" status="PASS">
          <reporter-output>
          </reporter-output>
        </test-method> <!-- setup -->
        <test-method signature="loginTest()[pri:0, instance:com.inetBanking.testcases.TC_LoginTest_001@a1cdc6d]" started-at="2019-03-13T15:53:00Z" name="loginTest" finished-at="2019-03-13T15:53:04Z" duration-ms="4239" status="PASS">
          <reporter-output>
          </reporter-output>
        </test-method> <!-- loginTest -->
        <test-method is-config="true" signature="teardown()[pri:0, instance:com.inetBanking.testcases.TC_LoginTest_001@a1cdc6d]" started-at="2019-03-13T15:53:04Z" name="teardown" finished-at="2019-03-13T15:53:06Z" duration-ms="1785" status="PASS">
          <reporter-output>
          </reporter-output>
        </test-method> <!-- teardown -->
      </class> <!-- com.inetBanking.testcases.TC_LoginTest_001 -->
    </test> <!-- Default test -->
  </suite> <!-- Default suite -->
</testng-results>
